<?xml version="1.0" encoding="UTF-8"?>
<!-- Generated by org.testng.reporters.JUnitReportReporter -->
<testsuite skipped="0" hostname="LAPTOP-M31VRA9J" name="com.arizona.testcases.OpenBrowser" tests="1" failures="0" timestamp="15 Jan 2020 00:50:50 GMT" time="22.418" errors="0">
  <testcase name="openChrome" time="22.418" classname="com.arizona.testcases.OpenBrowser"/>
</testsuite> <!-- com.arizona.testcases.OpenBrowser -->
