<?xml version="1.0" encoding="UTF-8"?>
<!-- Generated by org.testng.reporters.JUnitReportReporter -->
<testsuite skipped="0" hostname="LAPTOP-M31VRA9J" name="com.arizona.testcases.Policy" tests="1" failures="0" timestamp="16 Jan 2020 00:22:02 GMT" time="21.426" errors="0">
  <testcase name="arizona2" time="21.426" classname="com.arizona.testcases.Policy"/>
</testsuite> <!-- com.arizona.testcases.Policy -->
