<?xml version="1.0" encoding="UTF-8"?>
<!-- Generated by org.testng.reporters.JUnitReportReporter -->
<testsuite skipped="0" hostname="LAPTOP-M31VRA9J" name="com.arizona.testcases.OpenProject" tests="1" failures="0" timestamp="15 Jan 2020 00:29:50 GMT" time="26.502" errors="0">
  <testcase name="arizona" time="26.502" classname="com.arizona.testcases.OpenProject"/>
</testsuite> <!-- com.arizona.testcases.OpenProject -->
