<?xml version="1.0" encoding="UTF-8"?>
<!-- Generated by org.testng.reporters.JUnitReportReporter -->
<testsuite skipped="0" hostname="LAPTOP-M31VRA9J" name="com.arizona.testcases.TestCause1" tests="1" failures="0" timestamp="23 Jan 2020 17:07:39 GMT" time="27.548" errors="0">
  <testcase name="getreport" time="27.548" classname="com.arizona.testcases.TestCause1"/>
</testsuite> <!-- com.arizona.testcases.TestCause1 -->
