<?xml version="1.0" encoding="UTF-8"?>
<!-- Generated by org.testng.reporters.JUnitReportReporter -->
<testsuite skipped="0" hostname="LAPTOP-M31VRA9J" name="FaceBook.FbLogin" tests="1" failures="0" timestamp="03 Jan 2020 16:34:06 GMT" time="5.998" errors="0">
  <testcase name="mo" time="5.998" classname="FaceBook.FbLogin"/>
</testsuite> <!-- FaceBook.FbLogin -->
