<?xml version="1.0" encoding="UTF-8"?>
<!-- Generated by org.testng.reporters.JUnitReportReporter -->
<testsuite skipped="0" hostname="LAPTOP-M31VRA9J" name="FaceBook.ScreenShot002$FbLogin" tests="1" failures="0" timestamp="05 Jan 2020 23:11:47 GMT" time="18.069" errors="0">
  <testcase name="mo" time="18.069" classname="FaceBook.ScreenShot002$FbLogin"/>
</testsuite> <!-- FaceBook.ScreenShot002$FbLogin -->
